生成启动时间为 2018/3/30 23:42:38。
     1>项目“C:\Users\Administrator\Desktop\项目\Project1\Project1\Project1.vcxproj”在节点 2 上(Build 个目标)。
     1>ClCompile:
         C:\Program Files (x86)\Microsoft Visual Studio 12.0\VC\bin\CL.exe /c /ZI /nologo /W3 /WX- /sdl /Od /Oy- /D _MBCS /Gm /EHsc /RTC1 /MDd /GS /fp:precise /Zc:wchar_t /Zc:forScope /Fo"Debug\\" /Fd"Debug\vc120.pdb" /Gd /TP /analyze- /errorReport:prompt ..\Astar.cpp ..\main.cpp ..\myfile.cpp
         myfile.cpp
     1>c:\users\administrator\desktop\项目\project1\myfile.cpp(300): warning C4390: “;”: 找到空的受控语句；这是否是有意的?
         Astar.cpp
         正在生成代码...
         正在编译...
         main.cpp
         正在生成代码...
     1>c:\users\administrator\desktop\项目\project1\main.cpp(251): warning C4715: “WinSunProc”: 不是所有的控件路径都返回值
       Link:
         C:\Program Files (x86)\Microsoft Visual Studio 12.0\VC\bin\link.exe /ERRORREPORT:PROMPT /OUT:"C:\Users\Administrator\Desktop\项目\Project1\Debug\Project1.exe" /INCREMENTAL /NOLOGO kernel32.lib user32.lib gdi32.lib winspool.lib comdlg32.lib advapi32.lib shell32.lib ole32.lib oleaut32.lib uuid.lib odbc32.lib odbccp32.lib /MANIFEST /MANIFESTUAC:"level='asInvoker' uiAccess='false'" /manifest:embed /DEBUG /PDB:"C:\Users\Administrator\Desktop\项目\Project1\Debug\Project1.pdb" /TLBID:1 /DYNAMICBASE /NXCOMPAT /IMPLIB:"C:\Users\Administrator\Desktop\项目\Project1\Debug\Project1.lib" /MACHINE:X86 Debug\Astar.obj
         Debug\main.obj
         Debug\myfile.obj
         Project1.vcxproj -> C:\Users\Administrator\Desktop\项目\Project1\Debug\Project1.exe
     1>已完成生成项目“C:\Users\Administrator\Desktop\项目\Project1\Project1\Project1.vcxproj”(Build 个目标)的操作。

生成成功。

已用时间 00:00:08.07
